2018-09-27 12:47:48,919 - Parser Exception: dzjk_xnjk
org.apache.velocity.runtime.parser.ParseException: Encountered "-1896" at line 18, column 74.
Was expecting one of:
    <RPAREN> ...
    <WHITESPACE> ...
    "-" ...
    "+" ...
    "*" ...
    "/" ...
    "%" ...
    <LOGICAL_AND> ...
    <LOGICAL_OR> ...
    <LOGICAL_LT> ...
    <LOGICAL_LE> ...
    <LOGICAL_GT> ...
    <LOGICAL_GE> ...
    <LOGICAL_EQUALS> ...
    <LOGICAL_NOT_EQUALS> ...
    
	at org.apache.velocity.runtime.parser.Parser.generateParseException(Parser.java:3679)
	at org.apache.velocity.runtime.parser.Parser.jj_consume_token(Parser.java:3558)
	at org.apache.velocity.runtime.parser.Parser.SetDirective(Parser.java:1972)
	at org.apache.velocity.runtime.parser.Parser.Statement(Parser.java:369)
	at org.apache.velocity.runtime.parser.Parser.Directive(Parser.java:918)
	at org.apache.velocity.runtime.parser.Parser.Statement(Parser.java:379)
	at org.apache.velocity.runtime.parser.Parser.IfStatement(Parser.java:1692)
	at org.apache.velocity.runtime.parser.Parser.Statement(Parser.java:352)
	at org.apache.velocity.runtime.parser.Parser.process(Parser.java:317)
	at org.apache.velocity.runtime.parser.Parser.parse(Parser.java:117)
	at org.apache.velocity.runtime.RuntimeInstance.parse(RuntimeInstance.java:1226)
	at org.apache.velocity.runtime.RuntimeInstance.parse(RuntimeInstance.java:1181)
	at org.apache.velocity.runtime.RuntimeInstance.evaluate(RuntimeInstance.java:1297)
	at org.apache.velocity.runtime.RuntimeInstance.evaluate(RuntimeInstance.java:1265)
	at org.apache.velocity.app.Velocity.evaluate(Velocity.java:180)
	at com.ifugle.czy.service.ESQueryDataService.getData(ESQueryDataService.java:289)
	at com.ifugle.czy.controller.ESController.testQueryESData(ESController.java:167)
	at sun.reflect.NativeMethodAccessorImpl.invoke0(Native Method)
	at sun.reflect.NativeMethodAccessorImpl.invoke(NativeMethodAccessorImpl.java:62)
	at sun.reflect.DelegatingMethodAccessorImpl.invoke(DelegatingMethodAccessorImpl.java:43)
	at java.lang.reflect.Method.invoke(Method.java:498)
	at org.springframework.web.method.support.InvocableHandlerMethod.doInvoke(InvocableHandlerMethod.java:221)
	at org.springframework.web.method.support.InvocableHandlerMethod.invokeForRequest(InvocableHandlerMethod.java:136)
	at org.springframework.web.servlet.mvc.method.annotation.ServletInvocableHandlerMethod.invokeAndHandle(ServletInvocableHandlerMethod.java:110)
	at org.springframework.web.servlet.mvc.method.annotation.RequestMappingHandlerAdapter.invokeHandlerMethod(RequestMappingHandlerAdapter.java:832)
	at org.springframework.web.servlet.mvc.method.annotation.RequestMappingHandlerAdapter.handleInternal(RequestMappingHandlerAdapter.java:743)
	at org.springframework.web.servlet.mvc.method.AbstractHandlerMethodAdapter.handle(AbstractHandlerMethodAdapter.java:85)
	at org.springframework.web.servlet.DispatcherServlet.doDispatch(DispatcherServlet.java:961)
	at org.springframework.web.servlet.DispatcherServlet.doService(DispatcherServlet.java:895)
	at org.springframework.web.servlet.FrameworkServlet.processRequest(FrameworkServlet.java:967)
	at org.springframework.web.servlet.FrameworkServlet.doPost(FrameworkServlet.java:869)
	at javax.servlet.http.HttpServlet.service(HttpServlet.java:727)
	at org.springframework.web.servlet.FrameworkServlet.service(FrameworkServlet.java:843)
	at javax.servlet.http.HttpServlet.service(HttpServlet.java:820)
	at org.mortbay.jetty.servlet.ServletHolder.handle(ServletHolder.java:487)
	at org.mortbay.jetty.servlet.ServletHandler$CachedChain.doFilter(ServletHandler.java:1093)
	at com.thetransactioncompany.cors.CORSFilter.doFilter(CORSFilter.java:169)
	at com.thetransactioncompany.cors.CORSFilter.doFilter(CORSFilter.java:232)
	at org.mortbay.jetty.servlet.ServletHandler$CachedChain.doFilter(ServletHandler.java:1084)
	at org.springframework.web.filter.CharacterEncodingFilter.doFilterInternal(CharacterEncodingFilter.java:121)
	at org.springframework.web.filter.OncePerRequestFilter.doFilter(OncePerRequestFilter.java:107)
	at org.mortbay.jetty.servlet.ServletHandler$CachedChain.doFilter(ServletHandler.java:1084)
	at org.mortbay.jetty.servlet.ServletHandler.handle(ServletHandler.java:360)
	at org.mortbay.jetty.security.SecurityHandler.handle(SecurityHandler.java:216)
	at org.mortbay.jetty.servlet.SessionHandler.handle(SessionHandler.java:181)
	at org.mortbay.jetty.handler.ContextHandler.handle(ContextHandler.java:726)
	at org.mortbay.jetty.webapp.WebAppContext.handle(WebAppContext.java:405)
	at org.mortbay.jetty.handler.ContextHandlerCollection.handle(ContextHandlerCollection.java:206)
	at org.mortbay.jetty.handler.HandlerCollection.handle(HandlerCollection.java:114)
	at org.mortbay.jetty.handler.HandlerWrapper.handle(HandlerWrapper.java:152)
	at org.mortbay.jetty.Server.handle(Server.java:324)
	at org.mortbay.jetty.HttpConnection.handleRequest(HttpConnection.java:505)
	at org.mortbay.jetty.HttpConnection$RequestHandler.content(HttpConnection.java:843)
	at org.mortbay.jetty.HttpParser.parseNext(HttpParser.java:648)
	at org.mortbay.jetty.HttpParser.parseAvailable(HttpParser.java:211)
	at org.mortbay.jetty.HttpConnection.handle(HttpConnection.java:380)
	at org.mortbay.io.nio.SelectChannelEndPoint.run(SelectChannelEndPoint.java:395)
	at org.mortbay.thread.QueuedThreadPool$PoolThread.run(QueuedThreadPool.java:488)
2018-09-27 12:48:28,827 - Parser Exception: dhcx_basic_more
org.apache.velocity.runtime.parser.ParseException: Encountered "#end\n" at line 21, column 33.
Was expecting one of:
    <EOF> 
    "(" ...
    <RPAREN> ...
    <ESCAPE_DIRECTIVE> ...
    <SET_DIRECTIVE> ...
    "##" ...
    "\\\\" ...
    "\\" ...
    <TEXT> ...
    "*#" ...
    "*#" ...
    "]]#" ...
    <STRING_LITERAL> ...
    <IF_DIRECTIVE> ...
    <INTEGER_LITERAL> ...
    <FLOATING_POINT_LITERAL> ...
    <WORD> ...
    <BRACKETED_WORD> ...
    <IDENTIFIER> ...
    <DOT> ...
    "{" ...
    "}" ...
    <EMPTY_INDEX> ...
    
	at org.apache.velocity.runtime.parser.Parser.generateParseException(Parser.java:3679)
	at org.apache.velocity.runtime.parser.Parser.jj_consume_token(Parser.java:3558)
	at org.apache.velocity.runtime.parser.Parser.process(Parser.java:319)
	at org.apache.velocity.runtime.parser.Parser.parse(Parser.java:117)
	at org.apache.velocity.runtime.RuntimeInstance.parse(RuntimeInstance.java:1226)
	at org.apache.velocity.runtime.RuntimeInstance.parse(RuntimeInstance.java:1181)
	at org.apache.velocity.runtime.RuntimeInstance.evaluate(RuntimeInstance.java:1297)
	at org.apache.velocity.runtime.RuntimeInstance.evaluate(RuntimeInstance.java:1265)
	at org.apache.velocity.app.Velocity.evaluate(Velocity.java:180)
	at com.ifugle.czy.service.ESQueryDataService.getData(ESQueryDataService.java:289)
	at com.ifugle.czy.controller.ESController.queryESData(ESController.java:44)
	at sun.reflect.NativeMethodAccessorImpl.invoke0(Native Method)
	at sun.reflect.NativeMethodAccessorImpl.invoke(NativeMethodAccessorImpl.java:62)
	at sun.reflect.DelegatingMethodAccessorImpl.invoke(DelegatingMethodAccessorImpl.java:43)
	at java.lang.reflect.Method.invoke(Method.java:498)
	at org.springframework.web.method.support.InvocableHandlerMethod.doInvoke(InvocableHandlerMethod.java:221)
	at org.springframework.web.method.support.InvocableHandlerMethod.invokeForRequest(InvocableHandlerMethod.java:136)
	at org.springframework.web.servlet.mvc.method.annotation.ServletInvocableHandlerMethod.invokeAndHandle(ServletInvocableHandlerMethod.java:110)
	at org.springframework.web.servlet.mvc.method.annotation.RequestMappingHandlerAdapter.invokeHandlerMethod(RequestMappingHandlerAdapter.java:832)
	at org.springframework.web.servlet.mvc.method.annotation.RequestMappingHandlerAdapter.handleInternal(RequestMappingHandlerAdapter.java:743)
	at org.springframework.web.servlet.mvc.method.AbstractHandlerMethodAdapter.handle(AbstractHandlerMethodAdapter.java:85)
	at org.springframework.web.servlet.DispatcherServlet.doDispatch(DispatcherServlet.java:961)
	at org.springframework.web.servlet.DispatcherServlet.doService(DispatcherServlet.java:895)
	at org.springframework.web.servlet.FrameworkServlet.processRequest(FrameworkServlet.java:967)
	at org.springframework.web.servlet.FrameworkServlet.doPost(FrameworkServlet.java:869)
	at javax.servlet.http.HttpServlet.service(HttpServlet.java:727)
	at org.springframework.web.servlet.FrameworkServlet.service(FrameworkServlet.java:843)
	at javax.servlet.http.HttpServlet.service(HttpServlet.java:820)
	at org.mortbay.jetty.servlet.ServletHolder.handle(ServletHolder.java:487)
	at org.mortbay.jetty.servlet.ServletHandler$CachedChain.doFilter(ServletHandler.java:1093)
	at com.thetransactioncompany.cors.CORSFilter.doFilter(CORSFilter.java:169)
	at com.thetransactioncompany.cors.CORSFilter.doFilter(CORSFilter.java:232)
	at org.mortbay.jetty.servlet.ServletHandler$CachedChain.doFilter(ServletHandler.java:1084)
	at org.springframework.web.filter.CharacterEncodingFilter.doFilterInternal(CharacterEncodingFilter.java:121)
	at org.springframework.web.filter.OncePerRequestFilter.doFilter(OncePerRequestFilter.java:107)
	at org.mortbay.jetty.servlet.ServletHandler$CachedChain.doFilter(ServletHandler.java:1084)
	at org.mortbay.jetty.servlet.ServletHandler.handle(ServletHandler.java:360)
	at org.mortbay.jetty.security.SecurityHandler.handle(SecurityHandler.java:216)
	at org.mortbay.jetty.servlet.SessionHandler.handle(SessionHandler.java:181)
	at org.mortbay.jetty.handler.ContextHandler.handle(ContextHandler.java:726)
	at org.mortbay.jetty.webapp.WebAppContext.handle(WebAppContext.java:405)
	at org.mortbay.jetty.handler.ContextHandlerCollection.handle(ContextHandlerCollection.java:206)
	at org.mortbay.jetty.handler.HandlerCollection.handle(HandlerCollection.java:114)
	at org.mortbay.jetty.handler.HandlerWrapper.handle(HandlerWrapper.java:152)
	at org.mortbay.jetty.Server.handle(Server.java:324)
	at org.mortbay.jetty.HttpConnection.handleRequest(HttpConnection.java:505)
	at org.mortbay.jetty.HttpConnection$RequestHandler.content(HttpConnection.java:843)
	at org.mortbay.jetty.HttpParser.parseNext(HttpParser.java:648)
	at org.mortbay.jetty.HttpParser.parseAvailable(HttpParser.java:211)
	at org.mortbay.jetty.HttpConnection.handle(HttpConnection.java:380)
	at org.mortbay.io.nio.SelectChannelEndPoint.run(SelectChannelEndPoint.java:395)
	at org.mortbay.thread.QueuedThreadPool$PoolThread.run(QueuedThreadPool.java:488)
2018-09-27 12:49:15,442 - Parser Exception: dhcx_basic_more
org.apache.velocity.runtime.parser.ParseException: Encountered "#end\n" at line 21, column 33.
Was expecting one of:
    <EOF> 
    "(" ...
    <RPAREN> ...
    <ESCAPE_DIRECTIVE> ...
    <SET_DIRECTIVE> ...
    "##" ...
    "\\\\" ...
    "\\" ...
    <TEXT> ...
    "*#" ...
    "*#" ...
    "]]#" ...
    <STRING_LITERAL> ...
    <IF_DIRECTIVE> ...
    <INTEGER_LITERAL> ...
    <FLOATING_POINT_LITERAL> ...
    <WORD> ...
    <BRACKETED_WORD> ...
    <IDENTIFIER> ...
    <DOT> ...
    "{" ...
    "}" ...
    <EMPTY_INDEX> ...
    
	at org.apache.velocity.runtime.parser.Parser.generateParseException(Parser.java:3679)
	at org.apache.velocity.runtime.parser.Parser.jj_consume_token(Parser.java:3558)
	at org.apache.velocity.runtime.parser.Parser.process(Parser.java:319)
	at org.apache.velocity.runtime.parser.Parser.parse(Parser.java:117)
	at org.apache.velocity.runtime.RuntimeInstance.parse(RuntimeInstance.java:1226)
	at org.apache.velocity.runtime.RuntimeInstance.parse(RuntimeInstance.java:1181)
	at org.apache.velocity.runtime.RuntimeInstance.evaluate(RuntimeInstance.java:1297)
	at org.apache.velocity.runtime.RuntimeInstance.evaluate(RuntimeInstance.java:1265)
	at org.apache.velocity.app.Velocity.evaluate(Velocity.java:180)
	at com.ifugle.czy.service.ESQueryDataService.getData(ESQueryDataService.java:289)
	at com.ifugle.czy.controller.ESController.queryESData(ESController.java:44)
	at sun.reflect.NativeMethodAccessorImpl.invoke0(Native Method)
	at sun.reflect.NativeMethodAccessorImpl.invoke(NativeMethodAccessorImpl.java:62)
	at sun.reflect.DelegatingMethodAccessorImpl.invoke(DelegatingMethodAccessorImpl.java:43)
	at java.lang.reflect.Method.invoke(Method.java:498)
	at org.springframework.web.method.support.InvocableHandlerMethod.doInvoke(InvocableHandlerMethod.java:221)
	at org.springframework.web.method.support.InvocableHandlerMethod.invokeForRequest(InvocableHandlerMethod.java:136)
	at org.springframework.web.servlet.mvc.method.annotation.ServletInvocableHandlerMethod.invokeAndHandle(ServletInvocableHandlerMethod.java:110)
	at org.springframework.web.servlet.mvc.method.annotation.RequestMappingHandlerAdapter.invokeHandlerMethod(RequestMappingHandlerAdapter.java:832)
	at org.springframework.web.servlet.mvc.method.annotation.RequestMappingHandlerAdapter.handleInternal(RequestMappingHandlerAdapter.java:743)
	at org.springframework.web.servlet.mvc.method.AbstractHandlerMethodAdapter.handle(AbstractHandlerMethodAdapter.java:85)
	at org.springframework.web.servlet.DispatcherServlet.doDispatch(DispatcherServlet.java:961)
	at org.springframework.web.servlet.DispatcherServlet.doService(DispatcherServlet.java:895)
	at org.springframework.web.servlet.FrameworkServlet.processRequest(FrameworkServlet.java:967)
	at org.springframework.web.servlet.FrameworkServlet.doPost(FrameworkServlet.java:869)
	at javax.servlet.http.HttpServlet.service(HttpServlet.java:727)
	at org.springframework.web.servlet.FrameworkServlet.service(FrameworkServlet.java:843)
	at javax.servlet.http.HttpServlet.service(HttpServlet.java:820)
	at org.mortbay.jetty.servlet.ServletHolder.handle(ServletHolder.java:487)
	at org.mortbay.jetty.servlet.ServletHandler$CachedChain.doFilter(ServletHandler.java:1093)
	at com.thetransactioncompany.cors.CORSFilter.doFilter(CORSFilter.java:169)
	at com.thetransactioncompany.cors.CORSFilter.doFilter(CORSFilter.java:232)
	at org.mortbay.jetty.servlet.ServletHandler$CachedChain.doFilter(ServletHandler.java:1084)
	at org.springframework.web.filter.CharacterEncodingFilter.doFilterInternal(CharacterEncodingFilter.java:121)
	at org.springframework.web.filter.OncePerRequestFilter.doFilter(OncePerRequestFilter.java:107)
	at org.mortbay.jetty.servlet.ServletHandler$CachedChain.doFilter(ServletHandler.java:1084)
	at org.mortbay.jetty.servlet.ServletHandler.handle(ServletHandler.java:360)
	at org.mortbay.jetty.security.SecurityHandler.handle(SecurityHandler.java:216)
	at org.mortbay.jetty.servlet.SessionHandler.handle(SessionHandler.java:181)
	at org.mortbay.jetty.handler.ContextHandler.handle(ContextHandler.java:726)
	at org.mortbay.jetty.webapp.WebAppContext.handle(WebAppContext.java:405)
	at org.mortbay.jetty.handler.ContextHandlerCollection.handle(ContextHandlerCollection.java:206)
	at org.mortbay.jetty.handler.HandlerCollection.handle(HandlerCollection.java:114)
	at org.mortbay.jetty.handler.HandlerWrapper.handle(HandlerWrapper.java:152)
	at org.mortbay.jetty.Server.handle(Server.java:324)
	at org.mortbay.jetty.HttpConnection.handleRequest(HttpConnection.java:505)
	at org.mortbay.jetty.HttpConnection$RequestHandler.content(HttpConnection.java:843)
	at org.mortbay.jetty.HttpParser.parseNext(HttpParser.java:648)
	at org.mortbay.jetty.HttpParser.parseAvailable(HttpParser.java:211)
	at org.mortbay.jetty.HttpConnection.handle(HttpConnection.java:380)
	at org.mortbay.io.nio.SelectChannelEndPoint.run(SelectChannelEndPoint.java:395)
	at org.mortbay.thread.QueuedThreadPool$PoolThread.run(QueuedThreadPool.java:488)
2018-10-30 14:45:36,316 - Parser Exception: building_year
org.apache.velocity.runtime.parser.ParseException: Encountered " " at line 7, column 71.
Was expecting one of:
    "[" ...
    "}" ...
    
	at org.apache.velocity.runtime.parser.Parser.generateParseException(Parser.java:3679)
	at org.apache.velocity.runtime.parser.Parser.jj_consume_token(Parser.java:3558)
	at org.apache.velocity.runtime.parser.Parser.Reference(Parser.java:1521)
	at org.apache.velocity.runtime.parser.Parser.PrimaryExpression(Parser.java:2611)
	at org.apache.velocity.runtime.parser.Parser.UnaryExpression(Parser.java:2586)
	at org.apache.velocity.runtime.parser.Parser.MultiplicativeExpression(Parser.java:2435)
	at org.apache.velocity.runtime.parser.Parser.AdditiveExpression(Parser.java:2359)
	at org.apache.velocity.runtime.parser.Parser.RelationalExpression(Parser.java:2227)
	at org.apache.velocity.runtime.parser.Parser.EqualityExpression(Parser.java:2151)
	at org.apache.velocity.runtime.parser.Parser.ConditionalAndExpression(Parser.java:2111)
	at org.apache.velocity.runtime.parser.Parser.ConditionalOrExpression(Parser.java:2071)
	at org.apache.velocity.runtime.parser.Parser.Expression(Parser.java:2018)
	at org.apache.velocity.runtime.parser.Parser.SetDirective(Parser.java:1971)
	at org.apache.velocity.runtime.parser.Parser.Statement(Parser.java:369)
	at org.apache.velocity.runtime.parser.Parser.Directive(Parser.java:918)
	at org.apache.velocity.runtime.parser.Parser.Statement(Parser.java:379)
	at org.apache.velocity.runtime.parser.Parser.IfStatement(Parser.java:1692)
	at org.apache.velocity.runtime.parser.Parser.Statement(Parser.java:352)
	at org.apache.velocity.runtime.parser.Parser.process(Parser.java:317)
	at org.apache.velocity.runtime.parser.Parser.parse(Parser.java:117)
	at org.apache.velocity.runtime.RuntimeInstance.parse(RuntimeInstance.java:1226)
	at org.apache.velocity.runtime.RuntimeInstance.parse(RuntimeInstance.java:1181)
	at org.apache.velocity.runtime.RuntimeInstance.evaluate(RuntimeInstance.java:1297)
	at org.apache.velocity.runtime.RuntimeInstance.evaluate(RuntimeInstance.java:1265)
	at org.apache.velocity.app.Velocity.evaluate(Velocity.java:180)
	at com.ifugle.czy.service.ESQueryDataService.getData(ESQueryDataService.java:289)
	at com.ifugle.czy.controller.ConsoleScriptController.parsedResponseTemplate(ConsoleScriptController.java:227)
	at sun.reflect.NativeMethodAccessorImpl.invoke0(Native Method)
	at sun.reflect.NativeMethodAccessorImpl.invoke(NativeMethodAccessorImpl.java:62)
	at sun.reflect.DelegatingMethodAccessorImpl.invoke(DelegatingMethodAccessorImpl.java:43)
	at java.lang.reflect.Method.invoke(Method.java:498)
	at org.springframework.web.method.support.InvocableHandlerMethod.doInvoke(InvocableHandlerMethod.java:221)
	at org.springframework.web.method.support.InvocableHandlerMethod.invokeForRequest(InvocableHandlerMethod.java:136)
	at org.springframework.web.servlet.mvc.method.annotation.ServletInvocableHandlerMethod.invokeAndHandle(ServletInvocableHandlerMethod.java:110)
	at org.springframework.web.servlet.mvc.method.annotation.RequestMappingHandlerAdapter.invokeHandlerMethod(RequestMappingHandlerAdapter.java:832)
	at org.springframework.web.servlet.mvc.method.annotation.RequestMappingHandlerAdapter.handleInternal(RequestMappingHandlerAdapter.java:743)
	at org.springframework.web.servlet.mvc.method.AbstractHandlerMethodAdapter.handle(AbstractHandlerMethodAdapter.java:85)
	at org.springframework.web.servlet.DispatcherServlet.doDispatch(DispatcherServlet.java:961)
	at org.springframework.web.servlet.DispatcherServlet.doService(DispatcherServlet.java:895)
	at org.springframework.web.servlet.FrameworkServlet.processRequest(FrameworkServlet.java:967)
	at org.springframework.web.servlet.FrameworkServlet.doPost(FrameworkServlet.java:869)
	at javax.servlet.http.HttpServlet.service(HttpServlet.java:727)
	at org.springframework.web.servlet.FrameworkServlet.service(FrameworkServlet.java:843)
	at javax.servlet.http.HttpServlet.service(HttpServlet.java:820)
	at org.mortbay.jetty.servlet.ServletHolder.handle(ServletHolder.java:487)
	at org.mortbay.jetty.servlet.ServletHandler$CachedChain.doFilter(ServletHandler.java:1093)
	at com.thetransactioncompany.cors.CORSFilter.doFilter(CORSFilter.java:158)
	at com.thetransactioncompany.cors.CORSFilter.doFilter(CORSFilter.java:232)
	at org.mortbay.jetty.servlet.ServletHandler$CachedChain.doFilter(ServletHandler.java:1084)
	at org.springframework.web.filter.CharacterEncodingFilter.doFilterInternal(CharacterEncodingFilter.java:121)
	at org.springframework.web.filter.OncePerRequestFilter.doFilter(OncePerRequestFilter.java:107)
	at org.mortbay.jetty.servlet.ServletHandler$CachedChain.doFilter(ServletHandler.java:1084)
	at org.mortbay.jetty.servlet.ServletHandler.handle(ServletHandler.java:360)
	at org.mortbay.jetty.security.SecurityHandler.handle(SecurityHandler.java:216)
	at org.mortbay.jetty.servlet.SessionHandler.handle(SessionHandler.java:181)
	at org.mortbay.jetty.handler.ContextHandler.handle(ContextHandler.java:726)
	at org.mortbay.jetty.webapp.WebAppContext.handle(WebAppContext.java:405)
	at org.mortbay.jetty.handler.ContextHandlerCollection.handle(ContextHandlerCollection.java:206)
	at org.mortbay.jetty.handler.HandlerCollection.handle(HandlerCollection.java:114)
	at org.mortbay.jetty.handler.HandlerWrapper.handle(HandlerWrapper.java:152)
	at org.mortbay.jetty.Server.handle(Server.java:324)
	at org.mortbay.jetty.HttpConnection.handleRequest(HttpConnection.java:505)
	at org.mortbay.jetty.HttpConnection$RequestHandler.content(HttpConnection.java:843)
	at org.mortbay.jetty.HttpParser.parseNext(HttpParser.java:648)
	at org.mortbay.jetty.HttpParser.parseAvailable(HttpParser.java:211)
	at org.mortbay.jetty.HttpConnection.handle(HttpConnection.java:380)
	at org.mortbay.io.nio.SelectChannelEndPoint.run(SelectChannelEndPoint.java:395)
	at org.mortbay.thread.QueuedThreadPool$PoolThread.run(QueuedThreadPool.java:488)
2018-10-30 14:46:09,154 - Parser Exception: building_year
org.apache.velocity.runtime.parser.ParseException: Encountered " " at line 7, column 71.
Was expecting one of:
    "[" ...
    "}" ...
    
	at org.apache.velocity.runtime.parser.Parser.generateParseException(Parser.java:3679)
	at org.apache.velocity.runtime.parser.Parser.jj_consume_token(Parser.java:3558)
	at org.apache.velocity.runtime.parser.Parser.Reference(Parser.java:1521)
	at org.apache.velocity.runtime.parser.Parser.PrimaryExpression(Parser.java:2611)
	at org.apache.velocity.runtime.parser.Parser.UnaryExpression(Parser.java:2586)
	at org.apache.velocity.runtime.parser.Parser.MultiplicativeExpression(Parser.java:2435)
	at org.apache.velocity.runtime.parser.Parser.AdditiveExpression(Parser.java:2359)
	at org.apache.velocity.runtime.parser.Parser.RelationalExpression(Parser.java:2227)
	at org.apache.velocity.runtime.parser.Parser.EqualityExpression(Parser.java:2151)
	at org.apache.velocity.runtime.parser.Parser.ConditionalAndExpression(Parser.java:2111)
	at org.apache.velocity.runtime.parser.Parser.ConditionalOrExpression(Parser.java:2071)
	at org.apache.velocity.runtime.parser.Parser.Expression(Parser.java:2018)
	at org.apache.velocity.runtime.parser.Parser.SetDirective(Parser.java:1971)
	at org.apache.velocity.runtime.parser.Parser.Statement(Parser.java:369)
	at org.apache.velocity.runtime.parser.Parser.Directive(Parser.java:918)
	at org.apache.velocity.runtime.parser.Parser.Statement(Parser.java:379)
	at org.apache.velocity.runtime.parser.Parser.IfStatement(Parser.java:1692)
	at org.apache.velocity.runtime.parser.Parser.Statement(Parser.java:352)
	at org.apache.velocity.runtime.parser.Parser.process(Parser.java:317)
	at org.apache.velocity.runtime.parser.Parser.parse(Parser.java:117)
	at org.apache.velocity.runtime.RuntimeInstance.parse(RuntimeInstance.java:1226)
	at org.apache.velocity.runtime.RuntimeInstance.parse(RuntimeInstance.java:1181)
	at org.apache.velocity.runtime.RuntimeInstance.evaluate(RuntimeInstance.java:1297)
	at org.apache.velocity.runtime.RuntimeInstance.evaluate(RuntimeInstance.java:1265)
	at org.apache.velocity.app.Velocity.evaluate(Velocity.java:180)
	at com.ifugle.czy.service.ESQueryDataService.getData(ESQueryDataService.java:289)
	at com.ifugle.czy.controller.ConsoleScriptController.parsedResponseTemplate(ConsoleScriptController.java:227)
	at sun.reflect.NativeMethodAccessorImpl.invoke0(Native Method)
	at sun.reflect.NativeMethodAccessorImpl.invoke(NativeMethodAccessorImpl.java:62)
	at sun.reflect.DelegatingMethodAccessorImpl.invoke(DelegatingMethodAccessorImpl.java:43)
	at java.lang.reflect.Method.invoke(Method.java:498)
	at org.springframework.web.method.support.InvocableHandlerMethod.doInvoke(InvocableHandlerMethod.java:221)
	at org.springframework.web.method.support.InvocableHandlerMethod.invokeForRequest(InvocableHandlerMethod.java:136)
	at org.springframework.web.servlet.mvc.method.annotation.ServletInvocableHandlerMethod.invokeAndHandle(ServletInvocableHandlerMethod.java:110)
	at org.springframework.web.servlet.mvc.method.annotation.RequestMappingHandlerAdapter.invokeHandlerMethod(RequestMappingHandlerAdapter.java:832)
	at org.springframework.web.servlet.mvc.method.annotation.RequestMappingHandlerAdapter.handleInternal(RequestMappingHandlerAdapter.java:743)
	at org.springframework.web.servlet.mvc.method.AbstractHandlerMethodAdapter.handle(AbstractHandlerMethodAdapter.java:85)
	at org.springframework.web.servlet.DispatcherServlet.doDispatch(DispatcherServlet.java:961)
	at org.springframework.web.servlet.DispatcherServlet.doService(DispatcherServlet.java:895)
	at org.springframework.web.servlet.FrameworkServlet.processRequest(FrameworkServlet.java:967)
	at org.springframework.web.servlet.FrameworkServlet.doPost(FrameworkServlet.java:869)
	at javax.servlet.http.HttpServlet.service(HttpServlet.java:727)
	at org.springframework.web.servlet.FrameworkServlet.service(FrameworkServlet.java:843)
	at javax.servlet.http.HttpServlet.service(HttpServlet.java:820)
	at org.mortbay.jetty.servlet.ServletHolder.handle(ServletHolder.java:487)
	at org.mortbay.jetty.servlet.ServletHandler$CachedChain.doFilter(ServletHandler.java:1093)
	at com.thetransactioncompany.cors.CORSFilter.doFilter(CORSFilter.java:158)
	at com.thetransactioncompany.cors.CORSFilter.doFilter(CORSFilter.java:232)
	at org.mortbay.jetty.servlet.ServletHandler$CachedChain.doFilter(ServletHandler.java:1084)
	at org.springframework.web.filter.CharacterEncodingFilter.doFilterInternal(CharacterEncodingFilter.java:121)
	at org.springframework.web.filter.OncePerRequestFilter.doFilter(OncePerRequestFilter.java:107)
	at org.mortbay.jetty.servlet.ServletHandler$CachedChain.doFilter(ServletHandler.java:1084)
	at org.mortbay.jetty.servlet.ServletHandler.handle(ServletHandler.java:360)
	at org.mortbay.jetty.security.SecurityHandler.handle(SecurityHandler.java:216)
	at org.mortbay.jetty.servlet.SessionHandler.handle(SessionHandler.java:181)
	at org.mortbay.jetty.handler.ContextHandler.handle(ContextHandler.java:726)
	at org.mortbay.jetty.webapp.WebAppContext.handle(WebAppContext.java:405)
	at org.mortbay.jetty.handler.ContextHandlerCollection.handle(ContextHandlerCollection.java:206)
	at org.mortbay.jetty.handler.HandlerCollection.handle(HandlerCollection.java:114)
	at org.mortbay.jetty.handler.HandlerWrapper.handle(HandlerWrapper.java:152)
	at org.mortbay.jetty.Server.handle(Server.java:324)
	at org.mortbay.jetty.HttpConnection.handleRequest(HttpConnection.java:505)
	at org.mortbay.jetty.HttpConnection$RequestHandler.content(HttpConnection.java:843)
	at org.mortbay.jetty.HttpParser.parseNext(HttpParser.java:648)
	at org.mortbay.jetty.HttpParser.parseAvailable(HttpParser.java:211)
	at org.mortbay.jetty.HttpConnection.handle(HttpConnection.java:380)
	at org.mortbay.io.nio.SelectChannelEndPoint.run(SelectChannelEndPoint.java:395)
	at org.mortbay.thread.QueuedThreadPool$PoolThread.run(QueuedThreadPool.java:488)
2018-10-30 14:46:45,576 - Parser Exception: building_year
org.apache.velocity.runtime.parser.ParseException: Encountered " " at line 7, column 71.
Was expecting one of:
    "[" ...
    "}" ...
    
	at org.apache.velocity.runtime.parser.Parser.generateParseException(Parser.java:3679)
	at org.apache.velocity.runtime.parser.Parser.jj_consume_token(Parser.java:3558)
	at org.apache.velocity.runtime.parser.Parser.Reference(Parser.java:1521)
	at org.apache.velocity.runtime.parser.Parser.PrimaryExpression(Parser.java:2611)
	at org.apache.velocity.runtime.parser.Parser.UnaryExpression(Parser.java:2586)
	at org.apache.velocity.runtime.parser.Parser.MultiplicativeExpression(Parser.java:2435)
	at org.apache.velocity.runtime.parser.Parser.AdditiveExpression(Parser.java:2359)
	at org.apache.velocity.runtime.parser.Parser.RelationalExpression(Parser.java:2227)
	at org.apache.velocity.runtime.parser.Parser.EqualityExpression(Parser.java:2151)
	at org.apache.velocity.runtime.parser.Parser.ConditionalAndExpression(Parser.java:2111)
	at org.apache.velocity.runtime.parser.Parser.ConditionalOrExpression(Parser.java:2071)
	at org.apache.velocity.runtime.parser.Parser.Expression(Parser.java:2018)
	at org.apache.velocity.runtime.parser.Parser.SetDirective(Parser.java:1971)
	at org.apache.velocity.runtime.parser.Parser.Statement(Parser.java:369)
	at org.apache.velocity.runtime.parser.Parser.Directive(Parser.java:918)
	at org.apache.velocity.runtime.parser.Parser.Statement(Parser.java:379)
	at org.apache.velocity.runtime.parser.Parser.IfStatement(Parser.java:1692)
	at org.apache.velocity.runtime.parser.Parser.Statement(Parser.java:352)
	at org.apache.velocity.runtime.parser.Parser.process(Parser.java:317)
	at org.apache.velocity.runtime.parser.Parser.parse(Parser.java:117)
	at org.apache.velocity.runtime.RuntimeInstance.parse(RuntimeInstance.java:1226)
	at org.apache.velocity.runtime.RuntimeInstance.parse(RuntimeInstance.java:1181)
	at org.apache.velocity.runtime.RuntimeInstance.evaluate(RuntimeInstance.java:1297)
	at org.apache.velocity.runtime.RuntimeInstance.evaluate(RuntimeInstance.java:1265)
	at org.apache.velocity.app.Velocity.evaluate(Velocity.java:180)
	at com.ifugle.czy.service.ESQueryDataService.getData(ESQueryDataService.java:289)
	at com.ifugle.czy.controller.ConsoleScriptController.parsedResponseTemplate(ConsoleScriptController.java:227)
	at sun.reflect.NativeMethodAccessorImpl.invoke0(Native Method)
	at sun.reflect.NativeMethodAccessorImpl.invoke(NativeMethodAccessorImpl.java:62)
	at sun.reflect.DelegatingMethodAccessorImpl.invoke(DelegatingMethodAccessorImpl.java:43)
	at java.lang.reflect.Method.invoke(Method.java:498)
	at org.springframework.web.method.support.InvocableHandlerMethod.doInvoke(InvocableHandlerMethod.java:221)
	at org.springframework.web.method.support.InvocableHandlerMethod.invokeForRequest(InvocableHandlerMethod.java:136)
	at org.springframework.web.servlet.mvc.method.annotation.ServletInvocableHandlerMethod.invokeAndHandle(ServletInvocableHandlerMethod.java:110)
	at org.springframework.web.servlet.mvc.method.annotation.RequestMappingHandlerAdapter.invokeHandlerMethod(RequestMappingHandlerAdapter.java:832)
	at org.springframework.web.servlet.mvc.method.annotation.RequestMappingHandlerAdapter.handleInternal(RequestMappingHandlerAdapter.java:743)
	at org.springframework.web.servlet.mvc.method.AbstractHandlerMethodAdapter.handle(AbstractHandlerMethodAdapter.java:85)
	at org.springframework.web.servlet.DispatcherServlet.doDispatch(DispatcherServlet.java:961)
	at org.springframework.web.servlet.DispatcherServlet.doService(DispatcherServlet.java:895)
	at org.springframework.web.servlet.FrameworkServlet.processRequest(FrameworkServlet.java:967)
	at org.springframework.web.servlet.FrameworkServlet.doPost(FrameworkServlet.java:869)
	at javax.servlet.http.HttpServlet.service(HttpServlet.java:727)
	at org.springframework.web.servlet.FrameworkServlet.service(FrameworkServlet.java:843)
	at javax.servlet.http.HttpServlet.service(HttpServlet.java:820)
	at org.mortbay.jetty.servlet.ServletHolder.handle(ServletHolder.java:487)
	at org.mortbay.jetty.servlet.ServletHandler$CachedChain.doFilter(ServletHandler.java:1093)
	at com.thetransactioncompany.cors.CORSFilter.doFilter(CORSFilter.java:158)
	at com.thetransactioncompany.cors.CORSFilter.doFilter(CORSFilter.java:232)
	at org.mortbay.jetty.servlet.ServletHandler$CachedChain.doFilter(ServletHandler.java:1084)
	at org.springframework.web.filter.CharacterEncodingFilter.doFilterInternal(CharacterEncodingFilter.java:121)
	at org.springframework.web.filter.OncePerRequestFilter.doFilter(OncePerRequestFilter.java:107)
	at org.mortbay.jetty.servlet.ServletHandler$CachedChain.doFilter(ServletHandler.java:1084)
	at org.mortbay.jetty.servlet.ServletHandler.handle(ServletHandler.java:360)
	at org.mortbay.jetty.security.SecurityHandler.handle(SecurityHandler.java:216)
	at org.mortbay.jetty.servlet.SessionHandler.handle(SessionHandler.java:181)
	at org.mortbay.jetty.handler.ContextHandler.handle(ContextHandler.java:726)
	at org.mortbay.jetty.webapp.WebAppContext.handle(WebAppContext.java:405)
	at org.mortbay.jetty.handler.ContextHandlerCollection.handle(ContextHandlerCollection.java:206)
	at org.mortbay.jetty.handler.HandlerCollection.handle(HandlerCollection.java:114)
	at org.mortbay.jetty.handler.HandlerWrapper.handle(HandlerWrapper.java:152)
	at org.mortbay.jetty.Server.handle(Server.java:324)
	at org.mortbay.jetty.HttpConnection.handleRequest(HttpConnection.java:505)
	at org.mortbay.jetty.HttpConnection$RequestHandler.content(HttpConnection.java:843)
	at org.mortbay.jetty.HttpParser.parseNext(HttpParser.java:648)
	at org.mortbay.jetty.HttpParser.parseAvailable(HttpParser.java:211)
	at org.mortbay.jetty.HttpConnection.handle(HttpConnection.java:380)
	at org.mortbay.io.nio.SelectChannelEndPoint.run(SelectChannelEndPoint.java:395)
	at org.mortbay.thread.QueuedThreadPool$PoolThread.run(QueuedThreadPool.java:488)
2018-10-30 14:49:07,495 - Parser Exception: building_year
org.apache.velocity.runtime.parser.ParseException: Encountered " " at line 7, column 72.
Was expecting one of:
    "[" ...
    "}" ...
    
	at org.apache.velocity.runtime.parser.Parser.generateParseException(Parser.java:3679)
	at org.apache.velocity.runtime.parser.Parser.jj_consume_token(Parser.java:3558)
	at org.apache.velocity.runtime.parser.Parser.Reference(Parser.java:1521)
	at org.apache.velocity.runtime.parser.Parser.PrimaryExpression(Parser.java:2611)
	at org.apache.velocity.runtime.parser.Parser.UnaryExpression(Parser.java:2586)
	at org.apache.velocity.runtime.parser.Parser.MultiplicativeExpression(Parser.java:2435)
	at org.apache.velocity.runtime.parser.Parser.AdditiveExpression(Parser.java:2359)
	at org.apache.velocity.runtime.parser.Parser.RelationalExpression(Parser.java:2227)
	at org.apache.velocity.runtime.parser.Parser.EqualityExpression(Parser.java:2151)
	at org.apache.velocity.runtime.parser.Parser.ConditionalAndExpression(Parser.java:2111)
	at org.apache.velocity.runtime.parser.Parser.ConditionalOrExpression(Parser.java:2071)
	at org.apache.velocity.runtime.parser.Parser.Expression(Parser.java:2018)
	at org.apache.velocity.runtime.parser.Parser.SetDirective(Parser.java:1971)
	at org.apache.velocity.runtime.parser.Parser.Statement(Parser.java:369)
	at org.apache.velocity.runtime.parser.Parser.Directive(Parser.java:918)
	at org.apache.velocity.runtime.parser.Parser.Statement(Parser.java:379)
	at org.apache.velocity.runtime.parser.Parser.IfStatement(Parser.java:1692)
	at org.apache.velocity.runtime.parser.Parser.Statement(Parser.java:352)
	at org.apache.velocity.runtime.parser.Parser.process(Parser.java:317)
	at org.apache.velocity.runtime.parser.Parser.parse(Parser.java:117)
	at org.apache.velocity.runtime.RuntimeInstance.parse(RuntimeInstance.java:1226)
	at org.apache.velocity.runtime.RuntimeInstance.parse(RuntimeInstance.java:1181)
	at org.apache.velocity.runtime.RuntimeInstance.evaluate(RuntimeInstance.java:1297)
	at org.apache.velocity.runtime.RuntimeInstance.evaluate(RuntimeInstance.java:1265)
	at org.apache.velocity.app.Velocity.evaluate(Velocity.java:180)
	at com.ifugle.czy.service.ESQueryDataService.getData(ESQueryDataService.java:289)
	at com.ifugle.czy.controller.ConsoleScriptController.parsedResponseTemplate(ConsoleScriptController.java:227)
	at sun.reflect.NativeMethodAccessorImpl.invoke0(Native Method)
	at sun.reflect.NativeMethodAccessorImpl.invoke(NativeMethodAccessorImpl.java:62)
	at sun.reflect.DelegatingMethodAccessorImpl.invoke(DelegatingMethodAccessorImpl.java:43)
	at java.lang.reflect.Method.invoke(Method.java:498)
	at org.springframework.web.method.support.InvocableHandlerMethod.doInvoke(InvocableHandlerMethod.java:221)
	at org.springframework.web.method.support.InvocableHandlerMethod.invokeForRequest(InvocableHandlerMethod.java:136)
	at org.springframework.web.servlet.mvc.method.annotation.ServletInvocableHandlerMethod.invokeAndHandle(ServletInvocableHandlerMethod.java:110)
	at org.springframework.web.servlet.mvc.method.annotation.RequestMappingHandlerAdapter.invokeHandlerMethod(RequestMappingHandlerAdapter.java:832)
	at org.springframework.web.servlet.mvc.method.annotation.RequestMappingHandlerAdapter.handleInternal(RequestMappingHandlerAdapter.java:743)
	at org.springframework.web.servlet.mvc.method.AbstractHandlerMethodAdapter.handle(AbstractHandlerMethodAdapter.java:85)
	at org.springframework.web.servlet.DispatcherServlet.doDispatch(DispatcherServlet.java:961)
	at org.springframework.web.servlet.DispatcherServlet.doService(DispatcherServlet.java:895)
	at org.springframework.web.servlet.FrameworkServlet.processRequest(FrameworkServlet.java:967)
	at org.springframework.web.servlet.FrameworkServlet.doPost(FrameworkServlet.java:869)
	at javax.servlet.http.HttpServlet.service(HttpServlet.java:727)
	at org.springframework.web.servlet.FrameworkServlet.service(FrameworkServlet.java:843)
	at javax.servlet.http.HttpServlet.service(HttpServlet.java:820)
	at org.mortbay.jetty.servlet.ServletHolder.handle(ServletHolder.java:487)
	at org.mortbay.jetty.servlet.ServletHandler$CachedChain.doFilter(ServletHandler.java:1093)
	at com.thetransactioncompany.cors.CORSFilter.doFilter(CORSFilter.java:158)
	at com.thetransactioncompany.cors.CORSFilter.doFilter(CORSFilter.java:232)
	at org.mortbay.jetty.servlet.ServletHandler$CachedChain.doFilter(ServletHandler.java:1084)
	at org.springframework.web.filter.CharacterEncodingFilter.doFilterInternal(CharacterEncodingFilter.java:121)
	at org.springframework.web.filter.OncePerRequestFilter.doFilter(OncePerRequestFilter.java:107)
	at org.mortbay.jetty.servlet.ServletHandler$CachedChain.doFilter(ServletHandler.java:1084)
	at org.mortbay.jetty.servlet.ServletHandler.handle(ServletHandler.java:360)
	at org.mortbay.jetty.security.SecurityHandler.handle(SecurityHandler.java:216)
	at org.mortbay.jetty.servlet.SessionHandler.handle(SessionHandler.java:181)
	at org.mortbay.jetty.handler.ContextHandler.handle(ContextHandler.java:726)
	at org.mortbay.jetty.webapp.WebAppContext.handle(WebAppContext.java:405)
	at org.mortbay.jetty.handler.ContextHandlerCollection.handle(ContextHandlerCollection.java:206)
	at org.mortbay.jetty.handler.HandlerCollection.handle(HandlerCollection.java:114)
	at org.mortbay.jetty.handler.HandlerWrapper.handle(HandlerWrapper.java:152)
	at org.mortbay.jetty.Server.handle(Server.java:324)
	at org.mortbay.jetty.HttpConnection.handleRequest(HttpConnection.java:505)
	at org.mortbay.jetty.HttpConnection$RequestHandler.content(HttpConnection.java:843)
	at org.mortbay.jetty.HttpParser.parseNext(HttpParser.java:648)
	at org.mortbay.jetty.HttpParser.parseAvailable(HttpParser.java:211)
	at org.mortbay.jetty.HttpConnection.handle(HttpConnection.java:380)
	at org.mortbay.io.nio.SelectChannelEndPoint.run(SelectChannelEndPoint.java:395)
	at org.mortbay.thread.QueuedThreadPool$PoolThread.run(QueuedThreadPool.java:488)
2018-10-30 15:00:12,596 - Parser Exception: building_year
org.apache.velocity.runtime.parser.ParseException: Encountered "}" at line 4, column 46.
Was expecting one of:
    <RPAREN> ...
    <WHITESPACE> ...
    "-" ...
    "+" ...
    "*" ...
    "/" ...
    "%" ...
    <LOGICAL_AND> ...
    <LOGICAL_OR> ...
    <LOGICAL_LT> ...
    <LOGICAL_LE> ...
    <LOGICAL_GT> ...
    <LOGICAL_GE> ...
    <LOGICAL_EQUALS> ...
    <LOGICAL_NOT_EQUALS> ...
    
	at org.apache.velocity.runtime.parser.Parser.generateParseException(Parser.java:3679)
	at org.apache.velocity.runtime.parser.Parser.jj_consume_token(Parser.java:3558)
	at org.apache.velocity.runtime.parser.Parser.SetDirective(Parser.java:1972)
	at org.apache.velocity.runtime.parser.Parser.Statement(Parser.java:369)
	at org.apache.velocity.runtime.parser.Parser.process(Parser.java:317)
	at org.apache.velocity.runtime.parser.Parser.parse(Parser.java:117)
	at org.apache.velocity.runtime.RuntimeInstance.parse(RuntimeInstance.java:1226)
	at org.apache.velocity.runtime.RuntimeInstance.parse(RuntimeInstance.java:1181)
	at org.apache.velocity.runtime.RuntimeInstance.evaluate(RuntimeInstance.java:1297)
	at org.apache.velocity.runtime.RuntimeInstance.evaluate(RuntimeInstance.java:1265)
	at org.apache.velocity.app.Velocity.evaluate(Velocity.java:180)
	at com.ifugle.czy.service.ESQueryDataService.getData(ESQueryDataService.java:289)
	at com.ifugle.czy.controller.ConsoleScriptController.parsedResponseTemplate(ConsoleScriptController.java:227)
	at sun.reflect.NativeMethodAccessorImpl.invoke0(Native Method)
	at sun.reflect.NativeMethodAccessorImpl.invoke(NativeMethodAccessorImpl.java:62)
	at sun.reflect.DelegatingMethodAccessorImpl.invoke(DelegatingMethodAccessorImpl.java:43)
	at java.lang.reflect.Method.invoke(Method.java:498)
	at org.springframework.web.method.support.InvocableHandlerMethod.doInvoke(InvocableHandlerMethod.java:221)
	at org.springframework.web.method.support.InvocableHandlerMethod.invokeForRequest(InvocableHandlerMethod.java:136)
	at org.springframework.web.servlet.mvc.method.annotation.ServletInvocableHandlerMethod.invokeAndHandle(ServletInvocableHandlerMethod.java:110)
	at org.springframework.web.servlet.mvc.method.annotation.RequestMappingHandlerAdapter.invokeHandlerMethod(RequestMappingHandlerAdapter.java:832)
	at org.springframework.web.servlet.mvc.method.annotation.RequestMappingHandlerAdapter.handleInternal(RequestMappingHandlerAdapter.java:743)
	at org.springframework.web.servlet.mvc.method.AbstractHandlerMethodAdapter.handle(AbstractHandlerMethodAdapter.java:85)
	at org.springframework.web.servlet.DispatcherServlet.doDispatch(DispatcherServlet.java:961)
	at org.springframework.web.servlet.DispatcherServlet.doService(DispatcherServlet.java:895)
	at org.springframework.web.servlet.FrameworkServlet.processRequest(FrameworkServlet.java:967)
	at org.springframework.web.servlet.FrameworkServlet.doPost(FrameworkServlet.java:869)
	at javax.servlet.http.HttpServlet.service(HttpServlet.java:727)
	at org.springframework.web.servlet.FrameworkServlet.service(FrameworkServlet.java:843)
	at javax.servlet.http.HttpServlet.service(HttpServlet.java:820)
	at org.mortbay.jetty.servlet.ServletHolder.handle(ServletHolder.java:487)
	at org.mortbay.jetty.servlet.ServletHandler$CachedChain.doFilter(ServletHandler.java:1093)
	at com.thetransactioncompany.cors.CORSFilter.doFilter(CORSFilter.java:158)
	at com.thetransactioncompany.cors.CORSFilter.doFilter(CORSFilter.java:232)
	at org.mortbay.jetty.servlet.ServletHandler$CachedChain.doFilter(ServletHandler.java:1084)
	at org.springframework.web.filter.CharacterEncodingFilter.doFilterInternal(CharacterEncodingFilter.java:121)
	at org.springframework.web.filter.OncePerRequestFilter.doFilter(OncePerRequestFilter.java:107)
	at org.mortbay.jetty.servlet.ServletHandler$CachedChain.doFilter(ServletHandler.java:1084)
	at org.mortbay.jetty.servlet.ServletHandler.handle(ServletHandler.java:360)
	at org.mortbay.jetty.security.SecurityHandler.handle(SecurityHandler.java:216)
	at org.mortbay.jetty.servlet.SessionHandler.handle(SessionHandler.java:181)
	at org.mortbay.jetty.handler.ContextHandler.handle(ContextHandler.java:726)
	at org.mortbay.jetty.webapp.WebAppContext.handle(WebAppContext.java:405)
	at org.mortbay.jetty.handler.ContextHandlerCollection.handle(ContextHandlerCollection.java:206)
	at org.mortbay.jetty.handler.HandlerCollection.handle(HandlerCollection.java:114)
	at org.mortbay.jetty.handler.HandlerWrapper.handle(HandlerWrapper.java:152)
	at org.mortbay.jetty.Server.handle(Server.java:324)
	at org.mortbay.jetty.HttpConnection.handleRequest(HttpConnection.java:505)
	at org.mortbay.jetty.HttpConnection$RequestHandler.content(HttpConnection.java:843)
	at org.mortbay.jetty.HttpParser.parseNext(HttpParser.java:648)
	at org.mortbay.jetty.HttpParser.parseAvailable(HttpParser.java:211)
	at org.mortbay.jetty.HttpConnection.handle(HttpConnection.java:380)
	at org.mortbay.io.nio.SelectChannelEndPoint.run(SelectChannelEndPoint.java:395)
	at org.mortbay.thread.QueuedThreadPool$PoolThread.run(QueuedThreadPool.java:488)
2018-10-30 15:42:07,737 - Parser Exception: building_year
org.apache.velocity.runtime.parser.ParseException: Encountered "cf" at line 4, column 70.
Was expecting one of:
    <RPAREN> ...
    <WHITESPACE> ...
    "-" ...
    "+" ...
    "*" ...
    "/" ...
    "%" ...
    <LOGICAL_AND> ...
    <LOGICAL_OR> ...
    <LOGICAL_LT> ...
    <LOGICAL_LE> ...
    <LOGICAL_GT> ...
    <LOGICAL_GE> ...
    <LOGICAL_EQUALS> ...
    <LOGICAL_NOT_EQUALS> ...
    
	at org.apache.velocity.runtime.parser.Parser.generateParseException(Parser.java:3679)
	at org.apache.velocity.runtime.parser.Parser.jj_consume_token(Parser.java:3558)
	at org.apache.velocity.runtime.parser.Parser.SetDirective(Parser.java:1972)
	at org.apache.velocity.runtime.parser.Parser.Statement(Parser.java:369)
	at org.apache.velocity.runtime.parser.Parser.process(Parser.java:317)
	at org.apache.velocity.runtime.parser.Parser.parse(Parser.java:117)
	at org.apache.velocity.runtime.RuntimeInstance.parse(RuntimeInstance.java:1226)
	at org.apache.velocity.runtime.RuntimeInstance.parse(RuntimeInstance.java:1181)
	at org.apache.velocity.runtime.RuntimeInstance.evaluate(RuntimeInstance.java:1297)
	at org.apache.velocity.runtime.RuntimeInstance.evaluate(RuntimeInstance.java:1265)
	at org.apache.velocity.app.Velocity.evaluate(Velocity.java:180)
	at com.ifugle.czy.service.ESQueryDataService.getData(ESQueryDataService.java:289)
	at com.ifugle.czy.controller.ConsoleScriptController.parsedResponseTemplate(ConsoleScriptController.java:227)
	at sun.reflect.NativeMethodAccessorImpl.invoke0(Native Method)
	at sun.reflect.NativeMethodAccessorImpl.invoke(NativeMethodAccessorImpl.java:62)
	at sun.reflect.DelegatingMethodAccessorImpl.invoke(DelegatingMethodAccessorImpl.java:43)
	at java.lang.reflect.Method.invoke(Method.java:498)
	at org.springframework.web.method.support.InvocableHandlerMethod.doInvoke(InvocableHandlerMethod.java:221)
	at org.springframework.web.method.support.InvocableHandlerMethod.invokeForRequest(InvocableHandlerMethod.java:136)
	at org.springframework.web.servlet.mvc.method.annotation.ServletInvocableHandlerMethod.invokeAndHandle(ServletInvocableHandlerMethod.java:110)
	at org.springframework.web.servlet.mvc.method.annotation.RequestMappingHandlerAdapter.invokeHandlerMethod(RequestMappingHandlerAdapter.java:832)
	at org.springframework.web.servlet.mvc.method.annotation.RequestMappingHandlerAdapter.handleInternal(RequestMappingHandlerAdapter.java:743)
	at org.springframework.web.servlet.mvc.method.AbstractHandlerMethodAdapter.handle(AbstractHandlerMethodAdapter.java:85)
	at org.springframework.web.servlet.DispatcherServlet.doDispatch(DispatcherServlet.java:961)
	at org.springframework.web.servlet.DispatcherServlet.doService(DispatcherServlet.java:895)
	at org.springframework.web.servlet.FrameworkServlet.processRequest(FrameworkServlet.java:967)
	at org.springframework.web.servlet.FrameworkServlet.doPost(FrameworkServlet.java:869)
	at javax.servlet.http.HttpServlet.service(HttpServlet.java:727)
	at org.springframework.web.servlet.FrameworkServlet.service(FrameworkServlet.java:843)
	at javax.servlet.http.HttpServlet.service(HttpServlet.java:820)
	at org.mortbay.jetty.servlet.ServletHolder.handle(ServletHolder.java:487)
	at org.mortbay.jetty.servlet.ServletHandler$CachedChain.doFilter(ServletHandler.java:1093)
	at com.thetransactioncompany.cors.CORSFilter.doFilter(CORSFilter.java:158)
	at com.thetransactioncompany.cors.CORSFilter.doFilter(CORSFilter.java:232)
	at org.mortbay.jetty.servlet.ServletHandler$CachedChain.doFilter(ServletHandler.java:1084)
	at org.springframework.web.filter.CharacterEncodingFilter.doFilterInternal(CharacterEncodingFilter.java:121)
	at org.springframework.web.filter.OncePerRequestFilter.doFilter(OncePerRequestFilter.java:107)
	at org.mortbay.jetty.servlet.ServletHandler$CachedChain.doFilter(ServletHandler.java:1084)
	at org.mortbay.jetty.servlet.ServletHandler.handle(ServletHandler.java:360)
	at org.mortbay.jetty.security.SecurityHandler.handle(SecurityHandler.java:216)
	at org.mortbay.jetty.servlet.SessionHandler.handle(SessionHandler.java:181)
	at org.mortbay.jetty.handler.ContextHandler.handle(ContextHandler.java:726)
	at org.mortbay.jetty.webapp.WebAppContext.handle(WebAppContext.java:405)
	at org.mortbay.jetty.handler.ContextHandlerCollection.handle(ContextHandlerCollection.java:206)
	at org.mortbay.jetty.handler.HandlerCollection.handle(HandlerCollection.java:114)
	at org.mortbay.jetty.handler.HandlerWrapper.handle(HandlerWrapper.java:152)
	at org.mortbay.jetty.Server.handle(Server.java:324)
	at org.mortbay.jetty.HttpConnection.handleRequest(HttpConnection.java:505)
	at org.mortbay.jetty.HttpConnection$RequestHandler.content(HttpConnection.java:843)
	at org.mortbay.jetty.HttpParser.parseNext(HttpParser.java:648)
	at org.mortbay.jetty.HttpParser.parseAvailable(HttpParser.java:211)
	at org.mortbay.jetty.HttpConnection.handle(HttpConnection.java:380)
	at org.mortbay.io.nio.SelectChannelEndPoint.run(SelectChannelEndPoint.java:395)
	at org.mortbay.thread.QueuedThreadPool$PoolThread.run(QueuedThreadPool.java:488)
2018-11-07 12:07:48,197 - Log4JLogChute initialized using file 'velocity.log'
2018-11-07 12:07:48,198 - Initializing Velocity, Calling init()...
2018-11-07 12:07:48,199 - *******************************************************************
2018-11-07 12:07:48,199 - Starting Apache Velocity v1.7 (compiled: 2010-11-19 12:14:37)
2018-11-07 12:07:48,199 - RuntimeInstance initializing.
2018-11-07 12:07:48,199 - Default Properties File: org\apache\velocity\runtime\defaults\velocity.properties
2018-11-07 12:07:48,199 - Trying to use logger class org.apache.velocity.runtime.log.AvalonLogChute
2018-11-07 12:07:48,199 - Target log system for org.apache.velocity.runtime.log.AvalonLogChute is not available (java.lang.NoClassDefFoundError: org/apache/log/format/Formatter).  Falling back to next log system...
2018-11-07 12:07:48,199 - Trying to use logger class org.apache.velocity.runtime.log.Log4JLogChute
2018-11-07 12:07:48,199 - Using logger class org.apache.velocity.runtime.log.Log4JLogChute
2018-11-07 12:07:48,201 - Default ResourceManager initializing. (class org.apache.velocity.runtime.resource.ResourceManagerImpl)
2018-11-07 12:07:48,204 - ResourceLoader instantiated: org.apache.velocity.runtime.resource.loader.ClasspathResourceLoader
2018-11-07 12:07:48,205 - ClasspathResourceLoader : initialization complete.
2018-11-07 12:07:48,217 - ResourceCache: initialized (class org.apache.velocity.runtime.resource.ResourceCacheImpl) with class java.util.Collections$SynchronizedMap cache map.
2018-11-07 12:07:48,217 - Default ResourceManager initialization complete.
2018-11-07 12:07:48,218 - Loaded System Directive: org.apache.velocity.runtime.directive.Stop
2018-11-07 12:07:48,220 - Loaded System Directive: org.apache.velocity.runtime.directive.Define
2018-11-07 12:07:48,221 - Loaded System Directive: org.apache.velocity.runtime.directive.Break
2018-11-07 12:07:48,222 - Loaded System Directive: org.apache.velocity.runtime.directive.Evaluate
2018-11-07 12:07:48,222 - Loaded System Directive: org.apache.velocity.runtime.directive.Literal
2018-11-07 12:07:48,224 - Loaded System Directive: org.apache.velocity.runtime.directive.Macro
2018-11-07 12:07:48,226 - Loaded System Directive: org.apache.velocity.runtime.directive.Parse
2018-11-07 12:07:48,227 - Loaded System Directive: org.apache.velocity.runtime.directive.Include
2018-11-07 12:07:48,228 - Loaded System Directive: org.apache.velocity.runtime.directive.Foreach
2018-11-07 12:07:48,261 - Created '20' parsers.
2018-11-07 12:07:48,266 - Velocimacro : initialization starting.
2018-11-07 12:07:48,266 - Velocimacro : "velocimacro.library" is not set.  Trying default library: VM_global_library.vm
2018-11-07 12:07:48,267 - Could not load resource 'VM_global_library.vm' from ResourceLoader org.apache.velocity.runtime.resource.loader.ClasspathResourceLoader: ClasspathResourceLoader Error: cannot find resource VM_global_library.vm
2018-11-07 12:07:48,267 - Velocimacro : Default library not found.
2018-11-07 12:07:48,267 - Velocimacro : allowInline = true : VMs can be defined inline in templates
2018-11-07 12:07:48,267 - Velocimacro : allowInlineToOverride = false : VMs defined inline may NOT replace previous VM definitions
2018-11-07 12:07:48,267 - Velocimacro : allowInlineLocal = false : VMs defined inline will be global in scope if allowed.
2018-11-07 12:07:48,267 - Velocimacro : autoload off : VM system will not automatically reload global library macros
2018-11-07 12:07:48,267 - Velocimacro : Velocimacro : initialization complete.
2018-11-07 12:07:48,267 - RuntimeInstance successfully initialized.
2018-11-07 12:16:52,299 - Log4JLogChute initialized using file 'velocity.log'
2018-11-07 12:16:52,300 - Initializing Velocity, Calling init()...
2018-11-07 12:16:52,300 - *******************************************************************
2018-11-07 12:16:52,300 - Starting Apache Velocity v1.7 (compiled: 2010-11-19 12:14:37)
2018-11-07 12:16:52,300 - RuntimeInstance initializing.
2018-11-07 12:16:52,300 - Default Properties File: org\apache\velocity\runtime\defaults\velocity.properties
2018-11-07 12:16:52,300 - Trying to use logger class org.apache.velocity.runtime.log.AvalonLogChute
2018-11-07 12:16:52,300 - Target log system for org.apache.velocity.runtime.log.AvalonLogChute is not available (java.lang.NoClassDefFoundError: org/apache/log/format/Formatter).  Falling back to next log system...
2018-11-07 12:16:52,300 - Trying to use logger class org.apache.velocity.runtime.log.Log4JLogChute
2018-11-07 12:16:52,300 - Using logger class org.apache.velocity.runtime.log.Log4JLogChute
2018-11-07 12:16:52,305 - Default ResourceManager initializing. (class org.apache.velocity.runtime.resource.ResourceManagerImpl)
2018-11-07 12:16:52,308 - ResourceLoader instantiated: org.apache.velocity.runtime.resource.loader.ClasspathResourceLoader
2018-11-07 12:16:52,309 - ClasspathResourceLoader : initialization complete.
2018-11-07 12:16:52,320 - ResourceCache: initialized (class org.apache.velocity.runtime.resource.ResourceCacheImpl) with class java.util.Collections$SynchronizedMap cache map.
2018-11-07 12:16:52,320 - Default ResourceManager initialization complete.
2018-11-07 12:16:52,322 - Loaded System Directive: org.apache.velocity.runtime.directive.Stop
2018-11-07 12:16:52,323 - Loaded System Directive: org.apache.velocity.runtime.directive.Define
2018-11-07 12:16:52,324 - Loaded System Directive: org.apache.velocity.runtime.directive.Break
2018-11-07 12:16:52,325 - Loaded System Directive: org.apache.velocity.runtime.directive.Evaluate
2018-11-07 12:16:52,325 - Loaded System Directive: org.apache.velocity.runtime.directive.Literal
2018-11-07 12:16:52,327 - Loaded System Directive: org.apache.velocity.runtime.directive.Macro
2018-11-07 12:16:52,329 - Loaded System Directive: org.apache.velocity.runtime.directive.Parse
2018-11-07 12:16:52,331 - Loaded System Directive: org.apache.velocity.runtime.directive.Include
2018-11-07 12:16:52,333 - Loaded System Directive: org.apache.velocity.runtime.directive.Foreach
2018-11-07 12:16:52,377 - Created '20' parsers.
2018-11-07 12:16:52,384 - Velocimacro : initialization starting.
2018-11-07 12:16:52,384 - Velocimacro : "velocimacro.library" is not set.  Trying default library: VM_global_library.vm
2018-11-07 12:16:52,385 - Could not load resource 'VM_global_library.vm' from ResourceLoader org.apache.velocity.runtime.resource.loader.ClasspathResourceLoader: ClasspathResourceLoader Error: cannot find resource VM_global_library.vm
2018-11-07 12:16:52,385 - Velocimacro : Default library not found.
2018-11-07 12:16:52,385 - Velocimacro : allowInline = true : VMs can be defined inline in templates
2018-11-07 12:16:52,385 - Velocimacro : allowInlineToOverride = false : VMs defined inline may NOT replace previous VM definitions
2018-11-07 12:16:52,385 - Velocimacro : allowInlineLocal = false : VMs defined inline will be global in scope if allowed.
2018-11-07 12:16:52,385 - Velocimacro : autoload off : VM system will not automatically reload global library macros
2018-11-07 12:16:52,385 - Velocimacro : Velocimacro : initialization complete.
2018-11-07 12:16:52,385 - RuntimeInstance successfully initialized.
2018-11-07 12:29:35,235 - Log4JLogChute initialized using file 'velocity.log'
2018-11-07 12:29:35,236 - Initializing Velocity, Calling init()...
2018-11-07 12:29:35,236 - *******************************************************************
2018-11-07 12:29:35,236 - Starting Apache Velocity v1.7 (compiled: 2010-11-19 12:14:37)
2018-11-07 12:29:35,236 - RuntimeInstance initializing.
2018-11-07 12:29:35,236 - Default Properties File: org\apache\velocity\runtime\defaults\velocity.properties
2018-11-07 12:29:35,236 - Trying to use logger class org.apache.velocity.runtime.log.AvalonLogChute
2018-11-07 12:29:35,236 - Target log system for org.apache.velocity.runtime.log.AvalonLogChute is not available (java.lang.NoClassDefFoundError: org/apache/log/format/Formatter).  Falling back to next log system...
2018-11-07 12:29:35,236 - Trying to use logger class org.apache.velocity.runtime.log.Log4JLogChute
2018-11-07 12:29:35,236 - Using logger class org.apache.velocity.runtime.log.Log4JLogChute
2018-11-07 12:29:35,278 - Default ResourceManager initializing. (class org.apache.velocity.runtime.resource.ResourceManagerImpl)
2018-11-07 12:29:35,280 - ResourceLoader instantiated: org.apache.velocity.runtime.resource.loader.ClasspathResourceLoader
2018-11-07 12:29:35,281 - ClasspathResourceLoader : initialization complete.
2018-11-07 12:29:35,290 - ResourceCache: initialized (class org.apache.velocity.runtime.resource.ResourceCacheImpl) with class java.util.Collections$SynchronizedMap cache map.
2018-11-07 12:29:35,290 - Default ResourceManager initialization complete.
2018-11-07 12:29:35,291 - Loaded System Directive: org.apache.velocity.runtime.directive.Stop
2018-11-07 12:29:35,292 - Loaded System Directive: org.apache.velocity.runtime.directive.Define
2018-11-07 12:29:35,293 - Loaded System Directive: org.apache.velocity.runtime.directive.Break
2018-11-07 12:29:35,294 - Loaded System Directive: org.apache.velocity.runtime.directive.Evaluate
2018-11-07 12:29:35,295 - Loaded System Directive: org.apache.velocity.runtime.directive.Literal
2018-11-07 12:29:35,296 - Loaded System Directive: org.apache.velocity.runtime.directive.Macro
2018-11-07 12:29:35,298 - Loaded System Directive: org.apache.velocity.runtime.directive.Parse
2018-11-07 12:29:35,301 - Loaded System Directive: org.apache.velocity.runtime.directive.Include
2018-11-07 12:29:35,304 - Loaded System Directive: org.apache.velocity.runtime.directive.Foreach
2018-11-07 12:29:35,342 - Created '20' parsers.
2018-11-07 12:29:35,347 - Velocimacro : initialization starting.
2018-11-07 12:29:35,347 - Velocimacro : "velocimacro.library" is not set.  Trying default library: VM_global_library.vm
2018-11-07 12:29:35,347 - Could not load resource 'VM_global_library.vm' from ResourceLoader org.apache.velocity.runtime.resource.loader.ClasspathResourceLoader: ClasspathResourceLoader Error: cannot find resource VM_global_library.vm
2018-11-07 12:29:35,348 - Velocimacro : Default library not found.
2018-11-07 12:29:35,348 - Velocimacro : allowInline = true : VMs can be defined inline in templates
2018-11-07 12:29:35,348 - Velocimacro : allowInlineToOverride = false : VMs defined inline may NOT replace previous VM definitions
2018-11-07 12:29:35,348 - Velocimacro : allowInlineLocal = false : VMs defined inline will be global in scope if allowed.
2018-11-07 12:29:35,348 - Velocimacro : autoload off : VM system will not automatically reload global library macros
2018-11-07 12:29:35,348 - Velocimacro : Velocimacro : initialization complete.
2018-11-07 12:29:35,348 - RuntimeInstance successfully initialized.
2018-11-07 12:34:32,592 - Log4JLogChute initialized using file 'velocity.log'
2018-11-07 12:34:32,593 - Initializing Velocity, Calling init()...
2018-11-07 12:34:32,593 - *******************************************************************
2018-11-07 12:34:32,593 - Starting Apache Velocity v1.7 (compiled: 2010-11-19 12:14:37)
2018-11-07 12:34:32,594 - RuntimeInstance initializing.
2018-11-07 12:34:32,594 - Default Properties File: org\apache\velocity\runtime\defaults\velocity.properties
2018-11-07 12:34:32,594 - Trying to use logger class org.apache.velocity.runtime.log.AvalonLogChute
2018-11-07 12:34:32,594 - Target log system for org.apache.velocity.runtime.log.AvalonLogChute is not available (java.lang.NoClassDefFoundError: org/apache/log/format/Formatter).  Falling back to next log system...
2018-11-07 12:34:32,594 - Trying to use logger class org.apache.velocity.runtime.log.Log4JLogChute
2018-11-07 12:34:32,594 - Using logger class org.apache.velocity.runtime.log.Log4JLogChute
2018-11-07 12:34:32,597 - Default ResourceManager initializing. (class org.apache.velocity.runtime.resource.ResourceManagerImpl)
2018-11-07 12:34:32,605 - ResourceLoader instantiated: org.apache.velocity.runtime.resource.loader.ClasspathResourceLoader
2018-11-07 12:34:32,608 - ClasspathResourceLoader : initialization complete.
2018-11-07 12:34:32,641 - ResourceCache: initialized (class org.apache.velocity.runtime.resource.ResourceCacheImpl) with class java.util.Collections$SynchronizedMap cache map.
2018-11-07 12:34:32,641 - Default ResourceManager initialization complete.
2018-11-07 12:34:32,648 - Loaded System Directive: org.apache.velocity.runtime.directive.Stop
2018-11-07 12:34:32,654 - Loaded System Directive: org.apache.velocity.runtime.directive.Define
2018-11-07 12:34:32,655 - Loaded System Directive: org.apache.velocity.runtime.directive.Break
2018-11-07 12:34:32,656 - Loaded System Directive: org.apache.velocity.runtime.directive.Evaluate
2018-11-07 12:34:32,658 - Loaded System Directive: org.apache.velocity.runtime.directive.Literal
2018-11-07 12:34:32,667 - Loaded System Directive: org.apache.velocity.runtime.directive.Macro
2018-11-07 12:34:32,670 - Loaded System Directive: org.apache.velocity.runtime.directive.Parse
2018-11-07 12:34:32,672 - Loaded System Directive: org.apache.velocity.runtime.directive.Include
2018-11-07 12:34:32,674 - Loaded System Directive: org.apache.velocity.runtime.directive.Foreach
2018-11-07 12:34:32,732 - Created '20' parsers.
2018-11-07 12:34:32,743 - Velocimacro : initialization starting.
2018-11-07 12:34:32,743 - Velocimacro : "velocimacro.library" is not set.  Trying default library: VM_global_library.vm
2018-11-07 12:34:32,744 - Could not load resource 'VM_global_library.vm' from ResourceLoader org.apache.velocity.runtime.resource.loader.ClasspathResourceLoader: ClasspathResourceLoader Error: cannot find resource VM_global_library.vm
2018-11-07 12:34:32,744 - Velocimacro : Default library not found.
2018-11-07 12:34:32,745 - Velocimacro : allowInline = true : VMs can be defined inline in templates
2018-11-07 12:34:32,745 - Velocimacro : allowInlineToOverride = false : VMs defined inline may NOT replace previous VM definitions
2018-11-07 12:34:32,745 - Velocimacro : allowInlineLocal = false : VMs defined inline will be global in scope if allowed.
2018-11-07 12:34:32,745 - Velocimacro : autoload off : VM system will not automatically reload global library macros
2018-11-07 12:34:32,745 - Velocimacro : Velocimacro : initialization complete.
2018-11-07 12:34:32,745 - RuntimeInstance successfully initialized.
2018-11-07 12:35:37,435 - Log4JLogChute initialized using file 'velocity.log'
2018-11-07 12:35:37,436 - Initializing Velocity, Calling init()...
2018-11-07 12:35:37,436 - *******************************************************************
2018-11-07 12:35:37,436 - Starting Apache Velocity v1.7 (compiled: 2010-11-19 12:14:37)
2018-11-07 12:35:37,436 - RuntimeInstance initializing.
2018-11-07 12:35:37,436 - Default Properties File: org\apache\velocity\runtime\defaults\velocity.properties
2018-11-07 12:35:37,436 - Trying to use logger class org.apache.velocity.runtime.log.AvalonLogChute
2018-11-07 12:35:37,436 - Target log system for org.apache.velocity.runtime.log.AvalonLogChute is not available (java.lang.NoClassDefFoundError: org/apache/log/format/Formatter).  Falling back to next log system...
2018-11-07 12:35:37,437 - Trying to use logger class org.apache.velocity.runtime.log.Log4JLogChute
2018-11-07 12:35:37,437 - Using logger class org.apache.velocity.runtime.log.Log4JLogChute
2018-11-07 12:35:37,439 - Default ResourceManager initializing. (class org.apache.velocity.runtime.resource.ResourceManagerImpl)
2018-11-07 12:35:37,444 - ResourceLoader instantiated: org.apache.velocity.runtime.resource.loader.ClasspathResourceLoader
2018-11-07 12:35:37,445 - ClasspathResourceLoader : initialization complete.
2018-11-07 12:35:37,456 - ResourceCache: initialized (class org.apache.velocity.runtime.resource.ResourceCacheImpl) with class java.util.Collections$SynchronizedMap cache map.
2018-11-07 12:35:37,456 - Default ResourceManager initialization complete.
2018-11-07 12:35:37,458 - Loaded System Directive: org.apache.velocity.runtime.directive.Stop
2018-11-07 12:35:37,460 - Loaded System Directive: org.apache.velocity.runtime.directive.Define
2018-11-07 12:35:37,462 - Loaded System Directive: org.apache.velocity.runtime.directive.Break
2018-11-07 12:35:37,464 - Loaded System Directive: org.apache.velocity.runtime.directive.Evaluate
2018-11-07 12:35:37,466 - Loaded System Directive: org.apache.velocity.runtime.directive.Literal
2018-11-07 12:35:37,468 - Loaded System Directive: org.apache.velocity.runtime.directive.Macro
2018-11-07 12:35:37,471 - Loaded System Directive: org.apache.velocity.runtime.directive.Parse
2018-11-07 12:35:37,473 - Loaded System Directive: org.apache.velocity.runtime.directive.Include
2018-11-07 12:35:37,476 - Loaded System Directive: org.apache.velocity.runtime.directive.Foreach
2018-11-07 12:35:37,519 - Created '20' parsers.
2018-11-07 12:35:37,525 - Velocimacro : initialization starting.
2018-11-07 12:35:37,525 - Velocimacro : "velocimacro.library" is not set.  Trying default library: VM_global_library.vm
2018-11-07 12:35:37,526 - Could not load resource 'VM_global_library.vm' from ResourceLoader org.apache.velocity.runtime.resource.loader.ClasspathResourceLoader: ClasspathResourceLoader Error: cannot find resource VM_global_library.vm
2018-11-07 12:35:37,526 - Velocimacro : Default library not found.
2018-11-07 12:35:37,526 - Velocimacro : allowInline = true : VMs can be defined inline in templates
2018-11-07 12:35:37,526 - Velocimacro : allowInlineToOverride = false : VMs defined inline may NOT replace previous VM definitions
2018-11-07 12:35:37,526 - Velocimacro : allowInlineLocal = false : VMs defined inline will be global in scope if allowed.
2018-11-07 12:35:37,526 - Velocimacro : autoload off : VM system will not automatically reload global library macros
2018-11-07 12:35:37,526 - Velocimacro : Velocimacro : initialization complete.
2018-11-07 12:35:37,526 - RuntimeInstance successfully initialized.
2018-11-19 19:15:45,900 - Log4JLogChute initialized using file 'velocity.log'
2018-11-19 19:15:45,901 - Initializing Velocity, Calling init()...
2018-11-19 19:15:45,902 - *******************************************************************
2018-11-19 19:15:45,902 - Starting Apache Velocity v1.7 (compiled: 2010-11-19 12:14:37)
2018-11-19 19:15:45,902 - RuntimeInstance initializing.
2018-11-19 19:15:45,902 - Default Properties File: org\apache\velocity\runtime\defaults\velocity.properties
2018-11-19 19:15:45,902 - Trying to use logger class org.apache.velocity.runtime.log.AvalonLogChute
2018-11-19 19:15:45,902 - Target log system for org.apache.velocity.runtime.log.AvalonLogChute is not available (java.lang.NoClassDefFoundError: org/apache/log/format/Formatter).  Falling back to next log system...
2018-11-19 19:15:45,902 - Trying to use logger class org.apache.velocity.runtime.log.Log4JLogChute
2018-11-19 19:15:45,902 - Using logger class org.apache.velocity.runtime.log.Log4JLogChute
2018-11-19 19:15:45,905 - Default ResourceManager initializing. (class org.apache.velocity.runtime.resource.ResourceManagerImpl)
2018-11-19 19:15:45,907 - ResourceLoader instantiated: org.apache.velocity.runtime.resource.loader.ClasspathResourceLoader
2018-11-19 19:15:45,908 - ClasspathResourceLoader : initialization complete.
2018-11-19 19:15:45,917 - ResourceCache: initialized (class org.apache.velocity.runtime.resource.ResourceCacheImpl) with class java.util.Collections$SynchronizedMap cache map.
2018-11-19 19:15:45,917 - Default ResourceManager initialization complete.
2018-11-19 19:15:45,919 - Loaded System Directive: org.apache.velocity.runtime.directive.Stop
2018-11-19 19:15:45,920 - Loaded System Directive: org.apache.velocity.runtime.directive.Define
2018-11-19 19:15:45,921 - Loaded System Directive: org.apache.velocity.runtime.directive.Break
2018-11-19 19:15:45,922 - Loaded System Directive: org.apache.velocity.runtime.directive.Evaluate
2018-11-19 19:15:45,922 - Loaded System Directive: org.apache.velocity.runtime.directive.Literal
2018-11-19 19:15:45,923 - Loaded System Directive: org.apache.velocity.runtime.directive.Macro
2018-11-19 19:15:45,924 - Loaded System Directive: org.apache.velocity.runtime.directive.Parse
2018-11-19 19:15:45,925 - Loaded System Directive: org.apache.velocity.runtime.directive.Include
2018-11-19 19:15:45,926 - Loaded System Directive: org.apache.velocity.runtime.directive.Foreach
2018-11-19 19:15:45,959 - Created '20' parsers.
2018-11-19 19:15:45,966 - Velocimacro : initialization starting.
2018-11-19 19:15:45,966 - Velocimacro : "velocimacro.library" is not set.  Trying default library: VM_global_library.vm
2018-11-19 19:15:45,967 - Could not load resource 'VM_global_library.vm' from ResourceLoader org.apache.velocity.runtime.resource.loader.ClasspathResourceLoader: ClasspathResourceLoader Error: cannot find resource VM_global_library.vm
2018-11-19 19:15:45,967 - Velocimacro : Default library not found.
2018-11-19 19:15:45,967 - Velocimacro : allowInline = true : VMs can be defined inline in templates
2018-11-19 19:15:45,967 - Velocimacro : allowInlineToOverride = false : VMs defined inline may NOT replace previous VM definitions
2018-11-19 19:15:45,967 - Velocimacro : allowInlineLocal = false : VMs defined inline will be global in scope if allowed.
2018-11-19 19:15:45,967 - Velocimacro : autoload off : VM system will not automatically reload global library macros
2018-11-19 19:15:45,967 - Velocimacro : Velocimacro : initialization complete.
2018-11-19 19:15:45,967 - RuntimeInstance successfully initialized.
2018-11-27 12:51:08,766 - Log4JLogChute initialized using file 'velocity.log'
2018-11-27 12:51:08,768 - Initializing Velocity, Calling init()...
2018-11-27 12:51:08,768 - *******************************************************************
2018-11-27 12:51:08,768 - Starting Apache Velocity v1.7 (compiled: 2010-11-19 12:14:37)
2018-11-27 12:51:08,768 - RuntimeInstance initializing.
2018-11-27 12:51:08,768 - Default Properties File: org\apache\velocity\runtime\defaults\velocity.properties
2018-11-27 12:51:08,768 - Trying to use logger class org.apache.velocity.runtime.log.AvalonLogChute
2018-11-27 12:51:08,768 - Target log system for org.apache.velocity.runtime.log.AvalonLogChute is not available (java.lang.NoClassDefFoundError: org/apache/log/format/Formatter).  Falling back to next log system...
2018-11-27 12:51:08,768 - Trying to use logger class org.apache.velocity.runtime.log.Log4JLogChute
2018-11-27 12:51:08,768 - Using logger class org.apache.velocity.runtime.log.Log4JLogChute
2018-11-27 12:51:08,771 - Default ResourceManager initializing. (class org.apache.velocity.runtime.resource.ResourceManagerImpl)
2018-11-27 12:51:08,773 - ResourceLoader instantiated: org.apache.velocity.runtime.resource.loader.ClasspathResourceLoader
2018-11-27 12:51:08,775 - ClasspathResourceLoader : initialization complete.
2018-11-27 12:51:08,789 - ResourceCache: initialized (class org.apache.velocity.runtime.resource.ResourceCacheImpl) with class java.util.Collections$SynchronizedMap cache map.
2018-11-27 12:51:08,789 - Default ResourceManager initialization complete.
2018-11-27 12:51:08,791 - Loaded System Directive: org.apache.velocity.runtime.directive.Stop
2018-11-27 12:51:08,792 - Loaded System Directive: org.apache.velocity.runtime.directive.Define
2018-11-27 12:51:08,793 - Loaded System Directive: org.apache.velocity.runtime.directive.Break
2018-11-27 12:51:08,794 - Loaded System Directive: org.apache.velocity.runtime.directive.Evaluate
2018-11-27 12:51:08,795 - Loaded System Directive: org.apache.velocity.runtime.directive.Literal
2018-11-27 12:51:08,796 - Loaded System Directive: org.apache.velocity.runtime.directive.Macro
2018-11-27 12:51:08,798 - Loaded System Directive: org.apache.velocity.runtime.directive.Parse
2018-11-27 12:51:08,800 - Loaded System Directive: org.apache.velocity.runtime.directive.Include
2018-11-27 12:51:08,800 - Loaded System Directive: org.apache.velocity.runtime.directive.Foreach
2018-11-27 12:51:08,815 - Created '20' parsers.
2018-11-27 12:51:08,831 - Velocimacro : initialization starting.
2018-11-27 12:51:08,831 - Velocimacro : "velocimacro.library" is not set.  Trying default library: VM_global_library.vm
2018-11-27 12:51:08,831 - Could not load resource 'VM_global_library.vm' from ResourceLoader org.apache.velocity.runtime.resource.loader.ClasspathResourceLoader: ClasspathResourceLoader Error: cannot find resource VM_global_library.vm
2018-11-27 12:51:08,831 - Velocimacro : Default library not found.
2018-11-27 12:51:08,831 - Velocimacro : allowInline = true : VMs can be defined inline in templates
2018-11-27 12:51:08,831 - Velocimacro : allowInlineToOverride = false : VMs defined inline may NOT replace previous VM definitions
2018-11-27 12:51:08,831 - Velocimacro : allowInlineLocal = false : VMs defined inline will be global in scope if allowed.
2018-11-27 12:51:08,831 - Velocimacro : autoload off : VM system will not automatically reload global library macros
2018-11-27 12:51:08,831 - Velocimacro : Velocimacro : initialization complete.
2018-11-27 12:51:08,831 - RuntimeInstance successfully initialized.
